<?xml version="1.0" encoding="UTF-8"?>
<!-- Generated by org.testng.reporters.JUnitReportReporter -->
<testsuite hostname="Padma" failures="0" tests="2" name="org.base.ParameterTesting" time="6.279" errors="0" timestamp="2023-09-14T19:40:04 IST" skipped="0">
  <testcase classname="org.base.ParameterTesting" name="tc02" time="0.207"/>
  <testcase classname="org.base.ParameterTesting" name="tc01" time="6.072"/>
</testsuite> <!-- org.base.ParameterTesting -->
