<?xml version="1.0" encoding="UTF-8"?>
<!-- Generated by org.testng.reporters.JUnitReportReporter -->
<testsuite hostname="Padma" name="org.base.ParameterTesting" tests="2" failures="0" timestamp="16 Aug 2023 12:00:15 GMT" time="9.764" errors="0">
  <testcase name="tc01" time="9.536" classname="org.base.ParameterTesting"/>
  <testcase name="tc02" time="0.228" classname="org.base.ParameterTesting"/>
</testsuite> <!-- org.base.ParameterTesting -->
