<?xml version="1.0" encoding="UTF-8"?>
<!-- Generated by org.testng.reporters.JUnitReportReporter -->
<testsuite hostname="Padma" name="org.base.ProviderTest" tests="5" failures="0" timestamp="16 Aug 2023 12:11:40 GMT" time="0.005" errors="0">
  <testcase name="tc01" time="0.001" classname="org.base.ProviderTest"/>
  <testcase name="tc01" time="0.001" classname="org.base.ProviderTest"/>
  <testcase name="tc01" time="0.001" classname="org.base.ProviderTest"/>
  <testcase name="tc01" time="0.001" classname="org.base.ProviderTest"/>
  <testcase name="tc01" time="0.001" classname="org.base.ProviderTest"/>
</testsuite> <!-- org.base.ProviderTest -->
