<?xml version="1.0" encoding="UTF-8"?>
<!-- Generated by org.testng.reporters.JUnitReportReporter -->
<testsuite hostname="Padma" name="org.base.Groupings" tests="7" failures="0" timestamp="10 Aug 2023 17:09:58 GMT" time="0.021" errors="0">
  <testcase name="tco7" time="0.001" classname="org.base.Groupings"/>
  <testcase name="tco2" time="0.002" classname="org.base.Groupings"/>
  <testcase name="tco5" time="0.001" classname="org.base.Groupings"/>
  <testcase name="tco3" time="0.002" classname="org.base.Groupings"/>
  <testcase name="tco6" time="0.002" classname="org.base.Groupings"/>
  <testcase name="tco1" time="0.011" classname="org.base.Groupings"/>
  <testcase name="tco4" time="0.002" classname="org.base.Groupings"/>
</testsuite> <!-- org.base.Groupings -->
