<?xml version="1.0" encoding="UTF-8"?>
<!-- Generated by org.testng.reporters.JUnitReportReporter -->
<<<<<<< HEAD
<testsuite hostname="Padma" failures="0" tests="2" name="org.base.ParameterTesting" time="6.279" errors="0" timestamp="2023-09-14T19:40:04 IST" skipped="0">
  <testcase classname="org.base.ParameterTesting" name="tc02" time="0.207"/>
  <testcase classname="org.base.ParameterTesting" name="tc01" time="6.072"/>
=======
<testsuite hostname="Padma" name="org.base.ParameterTesting" tests="2" failures="0" timestamp="16 Aug 2023 12:00:15 GMT" time="9.764" errors="0">
  <testcase name="tc01" time="9.536" classname="org.base.ParameterTesting"/>
  <testcase name="tc02" time="0.228" classname="org.base.ParameterTesting"/>
>>>>>>> 6b7062025008cde1bea02ccc4120dfd2990b3258
</testsuite> <!-- org.base.ParameterTesting -->
