<?xml version="1.0" encoding="UTF-8"?>
<!-- Generated by org.testng.reporters.JUnitReportReporter -->
<testsuite hostname="Padma" name="org.base.ParameterTesting" tests="2" failures="0" timestamp="15 Aug 2023 15:11:49 GMT" time="92.850" errors="0">
  <testcase name="tc02" time="0.216" classname="org.base.ParameterTesting"/>
  <testcase name="tc01" time="92.634" classname="org.base.ParameterTesting"/>
</testsuite> <!-- org.base.ParameterTesting -->
