<?xml version="1.0" encoding="UTF-8"?>
<!-- Generated by org.testng.reporters.JUnitReportReporter -->
<testsuite hostname="Padma" name="org.base.DataProviderTest" tests="5" failures="0" timestamp="10 Aug 2023 14:51:53 GMT" time="0.015" errors="0">
  <testcase name="tc01" time="0.010" classname="org.base.DataProviderTest"/>
  <testcase name="tc01" time="0.001" classname="org.base.DataProviderTest"/>
  <testcase name="tc01" time="0.001" classname="org.base.DataProviderTest"/>
  <testcase name="tc01" time="0.003" classname="org.base.DataProviderTest"/>
  <testcase name="tc01" time="0.000" classname="org.base.DataProviderTest"/>
</testsuite> <!-- org.base.DataProviderTest -->
