<?xml version="1.0" encoding="UTF-8"?>
<!-- Generated by org.testng.reporters.JUnitReportReporter -->
<testsuite hostname="Padma" name="org.base.AnnotateTest" tests="5" failures="0" timestamp="12 Aug 2023 08:57:07 GMT" time="26.180" errors="0">
  <testcase name="tco1" time="4.290" classname="org.base.AnnotateTest"/>
  <testcase name="tco1" time="8.547" classname="org.base.AnnotateTest"/>
  <testcase name="tco1" time="4.750" classname="org.base.AnnotateTest"/>
  <testcase name="tco1" time="4.246" classname="org.base.AnnotateTest"/>
  <testcase name="tco1" time="4.347" classname="org.base.AnnotateTest"/>
</testsuite> <!-- org.base.AnnotateTest -->
